Analysis & Synthesis report for jpaf
Mon May  4 17:49:55 2026
Quartus Prime Version 25.1std.0 Build 1129 10/21/2025 SC Lite Edition


---------------------
; Table of Contents ;
---------------------
  1. Legal Notice
  2. Analysis & Synthesis Summary
  3. Analysis & Synthesis Settings
  4. Parallel Compilation
  5. Analysis & Synthesis Messages
  6. Analysis & Synthesis Suppressed Messages



----------------
; Legal Notice ;
----------------
Copyright (C) 2025  Altera Corporation. All rights reserved.
Your use of Altera Corporation's design tools, logic functions 
and other software and tools, and any partner logic 
functions, and any output files from any of the foregoing 
(including device programming or simulation files), and any 
associated documentation or information are expressly subject 
to the terms and conditions of the Altera Program License 
Subscription Agreement, the Altera Quartus Prime License Agreement,
the Altera IP License Agreement, or other applicable license
agreement, including, without limitation, that your use is for
the sole purpose of programming logic devices manufactured by
Altera and sold by Altera or its authorized distributors.  Please
refer to the Altera Software License Subscription Agreements 
on the Quartus Prime software download page.



+--------------------------------------------------------------------------------------+
; Analysis & Synthesis Summary                                                         ;
+------------------------------------+-------------------------------------------------+
; Analysis & Synthesis Status        ; Failed - Mon May  4 17:49:55 2026               ;
; Quartus Prime Version              ; 25.1std.0 Build 1129 10/21/2025 SC Lite Edition ;
; Revision Name                      ; jpaf                                            ;
; Top-level Entity Name              ; Main                                            ;
; Family                             ; MAX 10                                          ;
; Total logic elements               ; N/A until Partition Merge                       ;
;     Total combinational functions  ; N/A until Partition Merge                       ;
;     Dedicated logic registers      ; N/A until Partition Merge                       ;
; Total registers                    ; N/A until Partition Merge                       ;
; Total pins                         ; N/A until Partition Merge                       ;
; Total virtual pins                 ; N/A until Partition Merge                       ;
; Total memory bits                  ; N/A until Partition Merge                       ;
; Embedded Multiplier 9-bit elements ; N/A until Partition Merge                       ;
; Total PLLs                         ; N/A until Partition Merge                       ;
; UFM blocks                         ; N/A until Partition Merge                       ;
; ADC blocks                         ; N/A until Partition Merge                       ;
+------------------------------------+-------------------------------------------------+


+------------------------------------------------------------------------------------------------------------+
; Analysis & Synthesis Settings                                                                              ;
+------------------------------------------------------------------+--------------------+--------------------+
; Option                                                           ; Setting            ; Default Value      ;
+------------------------------------------------------------------+--------------------+--------------------+
; Device                                                           ; 10M50DAF484C7G     ;                    ;
; Top-level entity name                                            ; Main               ; jpaf               ;
; Family name                                                      ; MAX 10             ; Cyclone V          ;
; Use smart compilation                                            ; Off                ; Off                ;
; Enable parallel Assembler and Timing Analyzer during compilation ; On                 ; On                 ;
; Enable compact report table                                      ; Off                ; Off                ;
; Restructure Multiplexers                                         ; Auto               ; Auto               ;
; Create Debugging Nodes for IP Cores                              ; Off                ; Off                ;
; Preserve fewer node names                                        ; On                 ; On                 ;
; Intel FPGA IP Evaluation Mode                                    ; Enable             ; Enable             ;
; Verilog Version                                                  ; Verilog_2001       ; Verilog_2001       ;
; VHDL Version                                                     ; VHDL_1993          ; VHDL_1993          ;
; State Machine Processing                                         ; Auto               ; Auto               ;
; Safe State Machine                                               ; Off                ; Off                ;
; Extract Verilog State Machines                                   ; On                 ; On                 ;
; Extract VHDL State Machines                                      ; On                 ; On                 ;
; Ignore Verilog initial constructs                                ; Off                ; Off                ;
; Iteration limit for constant Verilog loops                       ; 5000               ; 5000               ;
; Iteration limit for non-constant Verilog loops                   ; 250                ; 250                ;
; Add Pass-Through Logic to Inferred RAMs                          ; On                 ; On                 ;
; Infer RAMs from Raw Logic                                        ; On                 ; On                 ;
; Parallel Synthesis                                               ; On                 ; On                 ;
; DSP Block Balancing                                              ; Auto               ; Auto               ;
; NOT Gate Push-Back                                               ; On                 ; On                 ;
; Power-Up Don't Care                                              ; On                 ; On                 ;
; Remove Redundant Logic Cells                                     ; Off                ; Off                ;
; Remove Duplicate Registers                                       ; On                 ; On                 ;
; Ignore CARRY Buffers                                             ; Off                ; Off                ;
; Ignore CASCADE Buffers                                           ; Off                ; Off                ;
; Ignore GLOBAL Buffers                                            ; Off                ; Off                ;
; Ignore ROW GLOBAL Buffers                                        ; Off                ; Off                ;
; Ignore LCELL Buffers                                             ; Off                ; Off                ;
; Ignore SOFT Buffers                                              ; On                 ; On                 ;
; Limit AHDL Integers to 32 Bits                                   ; Off                ; Off                ;
; Optimization Technique                                           ; Balanced           ; Balanced           ;
; Carry Chain Length                                               ; 70                 ; 70                 ;
; Auto Carry Chains                                                ; On                 ; On                 ;
; Auto Open-Drain Pins                                             ; On                 ; On                 ;
; Perform WYSIWYG Primitive Resynthesis                            ; Off                ; Off                ;
; Auto ROM Replacement                                             ; On                 ; On                 ;
; Auto RAM Replacement                                             ; On                 ; On                 ;
; Auto DSP Block Replacement                                       ; On                 ; On                 ;
; Auto Shift Register Replacement                                  ; Auto               ; Auto               ;
; Allow Shift Register Merging across Hierarchies                  ; Auto               ; Auto               ;
; Auto Clock Enable Replacement                                    ; On                 ; On                 ;
; Strict RAM Replacement                                           ; Off                ; Off                ;
; Allow Synchronous Control Signals                                ; On                 ; On                 ;
; Force Use of Synchronous Clear Signals                           ; Off                ; Off                ;
; Auto RAM Block Balancing                                         ; On                 ; On                 ;
; Auto RAM to Logic Cell Conversion                                ; Off                ; Off                ;
; Auto Resource Sharing                                            ; Off                ; Off                ;
; Allow Any RAM Size For Recognition                               ; Off                ; Off                ;
; Allow Any ROM Size For Recognition                               ; Off                ; Off                ;
; Allow Any Shift Register Size For Recognition                    ; Off                ; Off                ;
; Use LogicLock Constraints during Resource Balancing              ; On                 ; On                 ;
; Ignore translate_off and synthesis_off directives                ; Off                ; Off                ;
; Timing-Driven Synthesis                                          ; On                 ; On                 ;
; Report Parameter Settings                                        ; On                 ; On                 ;
; Report Source Assignments                                        ; On                 ; On                 ;
; Report Connectivity Checks                                       ; On                 ; On                 ;
; Ignore Maximum Fan-Out Assignments                               ; Off                ; Off                ;
; Synchronization Register Chain Length                            ; 2                  ; 2                  ;
; Power Optimization During Synthesis                              ; Normal compilation ; Normal compilation ;
; HDL message level                                                ; Level2             ; Level2             ;
; Suppress Register Optimization Related Messages                  ; Off                ; Off                ;
; Number of Removed Registers Reported in Synthesis Report         ; 5000               ; 5000               ;
; Number of Swept Nodes Reported in Synthesis Report               ; 5000               ; 5000               ;
; Number of Inverted Registers Reported in Synthesis Report        ; 100                ; 100                ;
; Clock MUX Protection                                             ; On                 ; On                 ;
; Auto Gated Clock Conversion                                      ; Off                ; Off                ;
; Block Design Naming                                              ; Auto               ; Auto               ;
; SDC constraint protection                                        ; Off                ; Off                ;
; Synthesis Effort                                                 ; Auto               ; Auto               ;
; Shift Register Replacement - Allow Asynchronous Clear Signal     ; On                 ; On                 ;
; Pre-Mapping Resynthesis Optimization                             ; Off                ; Off                ;
; Analysis & Synthesis Message Level                               ; Medium             ; Medium             ;
; Disable Register Merging Across Hierarchies                      ; Auto               ; Auto               ;
; Resource Aware Inference For Block RAM                           ; On                 ; On                 ;
+------------------------------------------------------------------+--------------------+--------------------+


+------------------------------------------+
; Parallel Compilation                     ;
+----------------------------+-------------+
; Processors                 ; Number      ;
+----------------------------+-------------+
; Number detected on machine ; 20          ;
; Maximum allowed            ; 14          ;
;                            ;             ;
; Average used               ; 1.00        ;
; Maximum used               ; 1           ;
;                            ;             ;
; Usage by Processor         ; % Time Used ;
;     Processor 1            ; 100.0%      ;
+----------------------------+-------------+


+-------------------------------+
; Analysis & Synthesis Messages ;
+-------------------------------+
Info: *******************************************************************
Info: Running Quartus Prime Analysis & Synthesis
    Info: Version 25.1std.0 Build 1129 10/21/2025 SC Lite Edition
    Info: Processing started: Mon May  4 17:49:51 2026
Info: Command: quartus_map --read_settings_files=on --write_settings_files=off jpaf -c jpaf
Warning (18236): Number of processors has not been specified which may cause overloading on shared machines.  Set the global assignment NUM_PARALLEL_PROCESSORS in your QSF to an appropriate value for best performance.
Info (20030): Parallel compilation is enabled and will use 14 of the 14 processors detected
Info (12021): Found 1 design units, including 1 entities, in source file Main.v
    Info (12023): Found entity 1: Main File: /home/monitor/pbl-02-circuitos-digitais/Main.v Line: 1
Info (12021): Found 1 design units, including 1 entities, in source file decNormal.v
    Info (12023): Found entity 1: decNormal File: /home/monitor/pbl-02-circuitos-digitais/decNormal.v Line: 1
Warning (12090): Entity "Mux" obtained from "Mux.v" instead of from Quartus Prime megafunction library File: /home/monitor/pbl-02-circuitos-digitais/Mux.v Line: 1
Info (12021): Found 1 design units, including 1 entities, in source file Mux.v
    Info (12023): Found entity 1: Mux File: /home/monitor/pbl-02-circuitos-digitais/Mux.v Line: 1
Info (12021): Found 1 design units, including 1 entities, in source file decDiag.v
    Info (12023): Found entity 1: decDiag File: /home/monitor/pbl-02-circuitos-digitais/decDiag.v Line: 1
Info (12021): Found 1 design units, including 1 entities, in source file decManu.v
    Info (12023): Found entity 1: decManu File: /home/monitor/pbl-02-circuitos-digitais/decManu.v Line: 1
Info (12021): Found 1 design units, including 1 entities, in source file decEmer.v
    Info (12023): Found entity 1: decEmer File: /home/monitor/pbl-02-circuitos-digitais/decEmer.v Line: 1
Info (12021): Found 1 design units, including 1 entities, in source file jk.v
    Info (12023): Found entity 1: jk File: /home/monitor/pbl-02-circuitos-digitais/jk.v Line: 1
Info (12021): Found 1 design units, including 1 entities, in source file Div10.v
    Info (12023): Found entity 1: Div10 File: /home/monitor/pbl-02-circuitos-digitais/Div10.v Line: 1
Info (12021): Found 1 design units, including 1 entities, in source file Div_Freq.v
    Info (12023): Found entity 1: Div_Freq File: /home/monitor/pbl-02-circuitos-digitais/Div_Freq.v Line: 1
Info (12021): Found 1 design units, including 1 entities, in source file Div3.v
    Info (12023): Found entity 1: Div3 File: /home/monitor/pbl-02-circuitos-digitais/Div3.v Line: 1
Info (12021): Found 1 design units, including 1 entities, in source file Contador_Sensor.v
    Info (12023): Found entity 1: Contador_Sensor File: /home/monitor/pbl-02-circuitos-digitais/Contador_Sensor.v Line: 1
Info (12021): Found 1 design units, including 1 entities, in source file debouncer.v
    Info (12023): Found entity 1: debouncer File: /home/monitor/pbl-02-circuitos-digitais/debouncer.v Line: 1
Info (12021): Found 1 design units, including 1 entities, in source file Mux_Contador.v
    Info (12023): Found entity 1: Mux_Contador File: /home/monitor/pbl-02-circuitos-digitais/Mux_Contador.v Line: 1
Info (12021): Found 1 design units, including 1 entities, in source file Decoder_Letras.v
    Info (12023): Found entity 1: Decoder_Letras File: /home/monitor/pbl-02-circuitos-digitais/Decoder_Letras.v Line: 1
Info (12021): Found 1 design units, including 1 entities, in source file Decoder_Num.v
    Info (12023): Found entity 1: Decoder_Num File: /home/monitor/pbl-02-circuitos-digitais/Decoder_Num.v Line: 1
Info (12021): Found 1 design units, including 1 entities, in source file detector_subida.v
    Info (12023): Found entity 1: detector_subida File: /home/monitor/pbl-02-circuitos-digitais/detector_subida.v Line: 1
Info (12021): Found 1 design units, including 1 entities, in source file Selector_Display.v
    Info (12023): Found entity 1: Seletor_Display File: /home/monitor/pbl-02-circuitos-digitais/Selector_Display.v Line: 1
Info (12021): Found 1 design units, including 1 entities, in source file Reg_Trava.v
    Info (12023): Found entity 1: Reg_Trava File: /home/monitor/pbl-02-circuitos-digitais/Reg_Trava.v Line: 1
Warning (10236): Verilog HDL Implicit Net warning at Main.v(40): created implicit net for "L4_mn" File: /home/monitor/pbl-02-circuitos-digitais/Main.v Line: 40
Info (12127): Elaborating entity "Main" for the top level hierarchy
Warning (10034): Output port "Lclk" at Main.v(4) has no driver File: /home/monitor/pbl-02-circuitos-digitais/Main.v Line: 4
Info (12128): Elaborating entity "Div_Freq" for hierarchy "Div_Freq:gerador_clocks" File: /home/monitor/pbl-02-circuitos-digitais/Main.v Line: 24
Info (12128): Elaborating entity "Div10" for hierarchy "Div_Freq:gerador_clocks|Div10:d1" File: /home/monitor/pbl-02-circuitos-digitais/Div_Freq.v Line: 9
Info (12128): Elaborating entity "jk" for hierarchy "Div_Freq:gerador_clocks|Div10:d1|jk:ff0" File: /home/monitor/pbl-02-circuitos-digitais/Div10.v Line: 20
Info (12128): Elaborating entity "decNormal" for hierarchy "decNormal:modo_normal" File: /home/monitor/pbl-02-circuitos-digitais/Main.v Line: 39
Warning (10034): Output port "L4" at decNormal.v(1) has no driver File: /home/monitor/pbl-02-circuitos-digitais/decNormal.v Line: 1
Info (12128): Elaborating entity "decDiag" for hierarchy "decDiag:modo_diagnostico" File: /home/monitor/pbl-02-circuitos-digitais/Main.v Line: 46
Info (12128): Elaborating entity "decManu" for hierarchy "decManu:modo_manutencao" File: /home/monitor/pbl-02-circuitos-digitais/Main.v Line: 51
Info (12128): Elaborating entity "decEmer" for hierarchy "decEmer:modo_emergencia" File: /home/monitor/pbl-02-circuitos-digitais/Main.v Line: 56
Info (12128): Elaborating entity "Mux" for hierarchy "Mux:mux_a" File: /home/monitor/pbl-02-circuitos-digitais/Main.v Line: 58
Info (12128): Elaborating entity "debouncer" for hierarchy "debouncer:deb_F" File: /home/monitor/pbl-02-circuitos-digitais/Main.v Line: 79
Info (12128): Elaborating entity "detector_subida" for hierarchy "detector_subida:det_F" File: /home/monitor/pbl-02-circuitos-digitais/Main.v Line: 80
Info (12128): Elaborating entity "Contador_Sensor" for hierarchy "Contador_Sensor:cont_F" File: /home/monitor/pbl-02-circuitos-digitais/Main.v Line: 81
Info (12128): Elaborating entity "Div3" for hierarchy "Contador_Sensor:cont_F|Div3:dezenas" File: /home/monitor/pbl-02-circuitos-digitais/Contador_Sensor.v Line: 31
Info (12128): Elaborating entity "Reg_Trava" for hierarchy "Reg_Trava:modulo_trava" File: /home/monitor/pbl-02-circuitos-digitais/Main.v Line: 115
Info (12128): Elaborating entity "Seletor_Display" for hierarchy "Seletor_Display:controlador_tela" File: /home/monitor/pbl-02-circuitos-digitais/Main.v Line: 121
Info (12128): Elaborating entity "Mux_Contador" for hierarchy "Mux_Contador:mux_u0" File: /home/monitor/pbl-02-circuitos-digitais/Main.v Line: 133
Info (12128): Elaborating entity "Decoder_Letras" for hierarchy "Decoder_Letras:dec_letra" File: /home/monitor/pbl-02-circuitos-digitais/Main.v Line: 146
Info (12128): Elaborating entity "Decoder_Num" for hierarchy "Decoder_Num:dec_un" File: /home/monitor/pbl-02-circuitos-digitais/Main.v Line: 152
Error (12006): Node instance "det_vai_um" instantiates undefined entity "detector_descida". Ensure that required library paths are specified correctly, define the specified entity, or change the instantiation. If this entity represents Intel FPGA or third-party IP, generate the synthesis files for the IP. File: /home/monitor/pbl-02-circuitos-digitais/Contador_Sensor.v Line: 24
Error (12006): Node instance "det_vai_um" instantiates undefined entity "detector_descida". Ensure that required library paths are specified correctly, define the specified entity, or change the instantiation. If this entity represents Intel FPGA or third-party IP, generate the synthesis files for the IP. File: /home/monitor/pbl-02-circuitos-digitais/Contador_Sensor.v Line: 24
Error (12006): Node instance "det_vai_um" instantiates undefined entity "detector_descida". Ensure that required library paths are specified correctly, define the specified entity, or change the instantiation. If this entity represents Intel FPGA or third-party IP, generate the synthesis files for the IP. File: /home/monitor/pbl-02-circuitos-digitais/Contador_Sensor.v Line: 24
Error (12006): Node instance "det_vai_um" instantiates undefined entity "detector_descida". Ensure that required library paths are specified correctly, define the specified entity, or change the instantiation. If this entity represents Intel FPGA or third-party IP, generate the synthesis files for the IP. File: /home/monitor/pbl-02-circuitos-digitais/Contador_Sensor.v Line: 24
Info (144001): Generated suppressed messages file /home/monitor/pbl-02-circuitos-digitais/output_files/jpaf.map.smsg
Error: Quartus Prime Analysis & Synthesis was unsuccessful. 4 errors, 5 warnings
    Error: Peak virtual memory: 340 megabytes
    Error: Processing ended: Mon May  4 17:49:55 2026
    Error: Elapsed time: 00:00:04
    Error: Total CPU time (on all processors): 00:00:13


+------------------------------------------+
; Analysis & Synthesis Suppressed Messages ;
+------------------------------------------+
The suppressed messages can be found in /home/monitor/pbl-02-circuitos-digitais/output_files/jpaf.map.smsg.


